<?xml version="1.0" encoding="UTF-8"?>
<!-- Generated by org.testng.reporters.JUnitXMLReporter -->
<testsuite hostname="SCTB404" ignored="0" name="Test" tests="1" failures="0" timestamp="24 sept. 2019 09:55:01 GMT" time="0.45" errors="0">
  <testcase name="@BeforeClass setup" time="0.0" classname="com.qualiprobdd.e2etests.AuthentificationRunner">
    <failure type="org.testng.TestNGException" message="
Parameter &amp;apos;language&amp;apos; is required by BeforeClass on method setup but has not been marked @Optional or defined
in E:\qualipro\trunk\AutomatisationTQualiPro_prod\testng.xml">
      <![CDATA[org.testng.TestNGException: 
Parameter 'language' is required by BeforeClass on method setup but has not been marked @Optional or defined
in E:\qualipro\trunk\AutomatisationTQualiPro_prod\testng.xml
... Removed 23 stack frames]]>
    </failure>
  </testcase> <!-- @BeforeClass setup -->
  <testcase name="feature" time="0.0" classname="cucumber.api.testng.AbstractTestNGCucumberTests">
    <skipped/>
  </testcase> <!-- feature -->
</testsuite> <!-- Test -->
