<?xml version="1.0" encoding="UTF-8"?>
<testng-results ignored="0" total="0" passed="0" failed="0" skipped="0">
  <reporter-output>
  </reporter-output>
  <suite started-at="2021-01-21T09:31:30 WAT" name="IndicateurFormule" finished-at="2021-01-21T09:31:30 WAT" duration-ms="11">
    <groups>
    </groups>
    <test started-at="2021-01-21T09:31:30 WAT" name="Test" finished-at="2021-01-21T09:31:30 WAT" duration-ms="11">
    </test> <!-- Test -->
  </suite> <!-- IndicateurFormule -->
</testng-results>
